\BOOKMARK [1][-]{section.1}{\376\377\000I\000n\000t\000r\000o\000d\000u\000c\000t\000i\000o\000n}{}% 1
\BOOKMARK [2][-]{subsection.1.1}{\376\377\000M\000a\000i\000n\000\040\000C\000o\000n\000t\000r\000i\000b\000u\000t\000i\000o\000n\000s}{section.1}% 2
\BOOKMARK [2][-]{subsection.1.2}{\376\377\000N\000o\000t\000a\000t\000i\000o\000n}{section.1}% 3
\BOOKMARK [1][-]{section.2}{\376\377\000P\000r\000e\000l\000i\000m\000i\000n\000a\000r\000i\000e\000s}{}% 4
\BOOKMARK [2][-]{subsection.2.1}{\376\377\000S\000t\000a\000t\000i\000s\000t\000i\000c\000a\000l\000\040\000M\000a\000n\000i\000f\000o\000l\000d\000s\000\040\000a\000n\000d\000\040\000F\000i\000s\000h\000e\000r\000\040\000I\000n\000f\000o\000r\000m\000a\000t\000i\000o\000n}{section.2}% 5
\BOOKMARK [2][-]{subsection.2.2}{\376\377\000P\000h\000a\000s\000e\000\040\000V\000a\000r\000i\000a\000b\000l\000e\000s\000\040\000a\000n\000d\000\040\000t\000h\000e\000\040\000T\000o\000r\000u\000s}{section.2}% 6
\BOOKMARK [2][-]{subsection.2.3}{\376\377\000O\000b\000s\000e\000r\000v\000a\000t\000i\000o\000n\000\040\000M\000o\000d\000e\000l\000:\000\040\000P\000h\000a\000s\000e\000-\000A\000m\000p\000l\000i\000t\000u\000d\000e\000\040\000C\000o\000u\000p\000l\000i\000n\000g}{section.2}% 7
\BOOKMARK [2][-]{subsection.2.4}{\376\377\000M\000u\000l\000t\000i\000-\000S\000a\000m\000p\000l\000e\000\040\000O\000b\000s\000e\000r\000v\000a\000t\000i\000o\000n\000s\000\040\000a\000n\000d\000\040\000F\000i\000s\000h\000e\000r\000\040\000R\000a\000n\000k}{section.2}% 8
\BOOKMARK [1][-]{section.3}{\376\377\000F\000i\000s\000h\000e\000r\000\040\000I\000n\000f\000o\000r\000m\000a\000t\000i\000o\000n\000\040\000U\000n\000d\000e\000r\000\040\000I\000n\000d\000e\000p\000e\000n\000d\000e\000n\000c\000e}{}% 9
\BOOKMARK [1][-]{section.4}{\376\377\000C\000o\000u\000p\000l\000i\000n\000g\000\040\000A\000c\000t\000i\000v\000a\000t\000e\000s\000\040\000I\000d\000e\000n\000t\000i\000f\000i\000a\000b\000i\000l\000i\000t\000y}{}% 10
\BOOKMARK [2][-]{subsection.4.1}{\376\377\000G\000e\000n\000e\000r\000a\000l\000\040\000R\000e\000s\000u\000l\000t}{section.4}% 11
\BOOKMARK [2][-]{subsection.4.2}{\376\377\000W\000o\000r\000k\000e\000d\000\040\000E\000x\000a\000m\000p\000l\000e\000:\000\040\000T\000h\000e\000t\000a\000-\000G\000a\000m\000m\000a\000\040\000S\000y\000s\000t\000e\000m}{section.4}% 12
\BOOKMARK [2][-]{subsection.4.3}{\376\377\000W\000h\000a\000t\000\040\000C\000o\000u\000p\000l\000i\000n\000g\000\040\000D\000o\000e\000s\000\040\000N\000o\000t\000\040\000D\000o}{section.4}% 13
\BOOKMARK [1][-]{section.5}{\376\377\000C\000l\000o\000c\000k\000\040\000S\000y\000n\000c\000h\000r\000o\000n\000i\000z\000a\000t\000i\000o\000n\000\040\000C\000o\000l\000l\000a\000p\000s\000e\000s\000\040\000D\000i\000m\000e\000n\000s\000i\000o\000n}{}% 14
\BOOKMARK [2][-]{subsection.5.1}{\376\377\000A\000p\000p\000l\000i\000c\000a\000t\000i\000o\000n\000\040\000t\000o\000\040\000D\000i\000g\000i\000t\000a\000l\000\040\000S\000y\000s\000t\000e\000m\000s}{section.5}% 15
\BOOKMARK [1][-]{section.6}{\376\377\000S\000u\000m\000m\000a\000r\000y\000\040\000o\000f\000\040\000S\000t\000a\000t\000i\000s\000t\000i\000c\000a\000l\000\040\000S\000t\000r\000u\000c\000t\000u\000r\000e}{}% 16
\BOOKMARK [1][-]{section.7}{\376\377\000D\000i\000s\000c\000u\000s\000s\000i\000o\000n}{}% 17
\BOOKMARK [2][-]{subsection.7.1}{\376\377\000W\000h\000a\000t\000\040\000N\000e\000s\000t\000i\000n\000g\000\040\000C\000o\000n\000t\000r\000i\000b\000u\000t\000e\000s\000\040\000B\000e\000y\000o\000n\000d\000\040\000M\000u\000l\000t\000i\000p\000l\000e\000\040\000O\000s\000c\000i\000l\000l\000a\000t\000o\000r\000s}{section.7}% 18
\BOOKMARK [2][-]{subsection.7.2}{\376\377\000W\000h\000y\000\040\000B\000i\000o\000l\000o\000g\000y\000\040\000U\000s\000e\000s\000\040\000N\000e\000s\000t\000e\000d\000\040\000F\000r\000e\000q\000u\000e\000n\000c\000i\000e\000s}{section.7}% 19
\BOOKMARK [2][-]{subsection.7.3}{\376\377\000T\000h\000e\000\040\000P\000h\000a\000s\000e\000\040\000M\000a\000n\000i\000f\000o\000l\000d\000\040\000a\000s\000\040\000C\000o\000n\000t\000i\000n\000u\000o\000u\000s\000\040\000T\000i\000m\000i\000n\000g\000\040\000S\000t\000r\000u\000c\000t\000u\000r\000e}{section.7}% 20
\BOOKMARK [2][-]{subsection.7.4}{\376\377\000T\000a\000k\000e\000n\000s\000\040\000E\000m\000b\000e\000d\000d\000i\000n\000g\000:\000\040\000L\000o\000w\000\040\000F\000r\000e\000q\000u\000e\000n\000c\000y\000\040\000C\000a\000r\000r\000i\000e\000s\000\040\000H\000i\000g\000h\000\040\000D\000i\000m\000e\000n\000s\000i\000o\000n}{section.7}% 21
\BOOKMARK [3][-]{subsubsection.7.4.1}{\376\377\000F\000o\000r\000m\000a\000l\000\040\000C\000o\000n\000n\000e\000c\000t\000i\000o\000n\000:\000\040\000D\000e\000l\000a\000y\000\040\000V\000e\000c\000t\000o\000r\000s\000\040\000a\000s\000\040\000M\000u\000l\000t\000i\000-\000S\000a\000m\000p\000l\000e\000\040\000O\000b\000s\000e\000r\000v\000a\000t\000i\000o\000n\000s}{subsection.7.4}% 22
\BOOKMARK [2][-]{subsection.7.5}{\376\377\000C\000o\000n\000t\000r\000o\000l\000\040\000L\000e\000v\000e\000r\000a\000g\000e\000:\000\040\000W\000h\000e\000r\000e\000\040\000I\000n\000f\000o\000r\000m\000a\000t\000i\000o\000n\000\040\000I\000n\000j\000e\000c\000t\000i\000o\000n\000\040\000M\000a\000t\000t\000e\000r\000s}{section.7}% 23
\BOOKMARK [2][-]{subsection.7.6}{\376\377\000I\000m\000p\000l\000i\000c\000a\000t\000i\000o\000n\000s\000\040\000f\000o\000r\000\040\000A\000r\000t\000i\000f\000i\000c\000i\000a\000l\000\040\000S\000y\000s\000t\000e\000m\000s}{section.7}% 24
\BOOKMARK [1][-]{section.8}{\376\377\000A\000p\000p\000l\000i\000c\000a\000t\000i\000o\000n\000s}{}% 25
\BOOKMARK [2][-]{subsection.8.1}{\376\377\000M\000o\000t\000o\000r\000\040\000C\000o\000n\000t\000r\000o\000l\000\040\000a\000n\000d\000\040\000t\000h\000e\000\040\000C\000e\000r\000e\000b\000e\000l\000l\000u\000m}{section.8}% 26
\BOOKMARK [2][-]{subsection.8.2}{\376\377\000M\000e\000m\000o\000r\000y\000\040\000C\000o\000n\000s\000o\000l\000i\000d\000a\000t\000i\000o\000n\000\040\000a\000n\000d\000\040\000S\000l\000e\000e\000p}{section.8}% 27
\BOOKMARK [2][-]{subsection.8.3}{\376\377\000C\000l\000i\000n\000i\000c\000a\000l\000\040\000H\000y\000p\000o\000t\000h\000e\000s\000e\000s\000:\000\040\000D\000i\000m\000e\000n\000s\000i\000o\000n\000a\000l\000\040\000C\000o\000l\000l\000a\000p\000s\000e\000\040\000i\000n\000\040\000P\000a\000t\000h\000o\000l\000o\000g\000y}{section.8}% 28
\BOOKMARK [2][-]{subsection.8.4}{\376\377\000L\000i\000m\000i\000t\000a\000t\000i\000o\000n\000s}{section.8}% 29
\BOOKMARK [1][-]{section.9}{\376\377\000C\000o\000n\000c\000l\000u\000s\000i\000o\000n}{}% 30
